[1.891s] DEBUG:colcon:Command line arguments: ['/usr/bin/colcon', 'build', '--symlink-install', '--cmake-args', '-DCMAKE_BUILD_TYPE=Release']
[1.891s] DEBUG:colcon:Parsed command line arguments: Namespace(log_base=None, log_level=None, verb_name='build', build_base='build', install_base='install', merge_install=False, symlink_install=True, test_result_base=None, continue_on_error=False, executor='parallel', parallel_workers=4, event_handlers=None, ignore_user_meta=False, metas=['./colcon.meta'], base_paths=['.'], packages_ignore=None, packages_ignore_regex=None, paths=None, packages_up_to=None, packages_up_to_regex=None, packages_above=None, packages_above_and_dependencies=None, packages_above_depth=None, packages_select_by_dep=None, packages_skip_by_dep=None, packages_skip_up_to=None, packages_select_build_failed=False, packages_skip_build_finished=False, packages_select_test_failures=False, packages_skip_test_passed=False, packages_select=None, packages_skip=None, packages_select_regex=None, packages_skip_regex=None, packages_start=None, packages_end=None, cmake_args=['-DCMAKE_BUILD_TYPE=Release'], cmake_target=None, cmake_target_skip_unavailable=False, cmake_clean_cache=False, cmake_clean_first=False, cmake_force_configure=False, ament_cmake_args=None, catkin_cmake_args=None, catkin_skip_building_tests=False, mixin_files=None, mixin=None, verb_parser=<colcon_mixin.mixin.mixin_argument.MixinArgumentDecorator object at 0x7b3183612870>, verb_extension=<colcon_core.verb.build.BuildVerb object at 0x7b3183777140>, main=<bound method BuildVerb.main of <colcon_core.verb.build.BuildVerb object at 0x7b3183777140>>, mixin_verb=('build',))
[2.053s] Level 1:colcon.colcon_core.package_discovery:discover_packages(colcon_meta) check parameters
[1.629s] INFO:colcon.colcon_metadata.package_discovery.colcon_meta:Using configuration from '/root/.colcon/metadata/default/Gazebo.meta'
[1.645s] INFO:colcon.colcon_metadata.package_discovery.colcon_meta:Using configuration from '/root/.colcon/metadata/default/fastdds.meta'
[1.664s] INFO:colcon.colcon_metadata.package_discovery.colcon_meta:Using configuration from '/root/.colcon/metadata/default/fastrtps.meta'
[1.666s] Level 1:colcon.colcon_core.package_discovery:discover_packages(recursive) check parameters
[1.666s] Level 1:colcon.colcon_core.package_discovery:discover_packages(ignore) check parameters
[1.667s] Level 1:colcon.colcon_core.package_discovery:discover_packages(path) check parameters
[1.667s] Level 1:colcon.colcon_core.package_discovery:discover_packages(colcon_meta) discover
[1.671s] Level 1:colcon.colcon_core.package_discovery:discover_packages(recursive) discover
[1.672s] INFO:colcon.colcon_core.package_discovery:Crawling recursively for packages in '/workspaces/factory50_ws'
[1.675s] Level 1:colcon.colcon_core.package_identification:_identify(.) by extensions ['ignore', 'ignore_ament_install']
[1.675s] Level 1:colcon.colcon_core.package_identification:_identify(.) by extension 'ignore'
[1.676s] Level 1:colcon.colcon_core.package_identification:_identify(.) by extension 'ignore_ament_install'
[1.676s] Level 1:colcon.colcon_core.package_identification:_identify(.) by extensions ['colcon_pkg']
[1.676s] Level 1:colcon.colcon_core.package_identification:_identify(.) by extension 'colcon_pkg'
[1.677s] Level 1:colcon.colcon_core.package_identification:_identify(.) by extensions ['colcon_meta']
[1.677s] Level 1:colcon.colcon_core.package_identification:_identify(.) by extension 'colcon_meta'
[1.677s] Level 1:colcon.colcon_core.package_identification:_identify(.) by extensions ['ros']
[1.678s] Level 1:colcon.colcon_core.package_identification:_identify(.) by extension 'ros'
[2.380s] Level 1:colcon.colcon_core.package_identification:_identify(.) by extensions ['cmake', 'python']
[2.394s] Level 1:colcon.colcon_core.package_identification:_identify(.) by extension 'cmake'
[2.421s] Level 1:colcon.colcon_core.package_identification:_identify(.) by extension 'python'
[2.460s] Level 1:colcon.colcon_core.package_identification:_identify(.) by extensions ['python_setup_py']
[2.481s] Level 1:colcon.colcon_core.package_identification:_identify(.) by extension 'python_setup_py'
[2.497s] Level 1:colcon.colcon_core.package_identification:_identify(build) by extensions ['ignore', 'ignore_ament_install']
[2.498s] Level 1:colcon.colcon_core.package_identification:_identify(build) by extension 'ignore'
[2.505s] Level 1:colcon.colcon_core.package_identification:_identify(build) ignored
[2.512s] Level 1:colcon.colcon_core.package_identification:_identify(install) by extensions ['ignore', 'ignore_ament_install']
[2.513s] Level 1:colcon.colcon_core.package_identification:_identify(install) by extension 'ignore'
[2.518s] Level 1:colcon.colcon_core.package_identification:_identify(install) ignored
[2.534s] Level 1:colcon.colcon_core.package_identification:_identify(log) by extensions ['ignore', 'ignore_ament_install']
[2.535s] Level 1:colcon.colcon_core.package_identification:_identify(log) by extension 'ignore'
[2.538s] Level 1:colcon.colcon_core.package_identification:_identify(log) ignored
[2.544s] Level 1:colcon.colcon_core.package_identification:_identify(notebooks) by extensions ['ignore', 'ignore_ament_install']
[2.545s] Level 1:colcon.colcon_core.package_identification:_identify(notebooks) by extension 'ignore'
[2.547s] Level 1:colcon.colcon_core.package_identification:_identify(notebooks) by extension 'ignore_ament_install'
[2.553s] Level 1:colcon.colcon_core.package_identification:_identify(notebooks) by extensions ['colcon_pkg']
[2.553s] Level 1:colcon.colcon_core.package_identification:_identify(notebooks) by extension 'colcon_pkg'
[2.555s] Level 1:colcon.colcon_core.package_identification:_identify(notebooks) by extensions ['colcon_meta']
[2.556s] Level 1:colcon.colcon_core.package_identification:_identify(notebooks) by extension 'colcon_meta'
[2.559s] Level 1:colcon.colcon_core.package_identification:_identify(notebooks) by extensions ['ros']
[2.560s] Level 1:colcon.colcon_core.package_identification:_identify(notebooks) by extension 'ros'
[2.572s] Level 1:colcon.colcon_core.package_identification:_identify(notebooks) by extensions ['cmake', 'python']
[2.577s] Level 1:colcon.colcon_core.package_identification:_identify(notebooks) by extension 'cmake'
[2.585s] Level 1:colcon.colcon_core.package_identification:_identify(notebooks) by extension 'python'
[2.587s] Level 1:colcon.colcon_core.package_identification:_identify(notebooks) by extensions ['python_setup_py']
[2.588s] Level 1:colcon.colcon_core.package_identification:_identify(notebooks) by extension 'python_setup_py'
[2.598s] Level 1:colcon.colcon_core.package_identification:_identify(scripts) by extensions ['ignore', 'ignore_ament_install']
[2.599s] Level 1:colcon.colcon_core.package_identification:_identify(scripts) by extension 'ignore'
[2.600s] Level 1:colcon.colcon_core.package_identification:_identify(scripts) by extension 'ignore_ament_install'
[2.603s] Level 1:colcon.colcon_core.package_identification:_identify(scripts) by extensions ['colcon_pkg']
[2.604s] Level 1:colcon.colcon_core.package_identification:_identify(scripts) by extension 'colcon_pkg'
[2.605s] Level 1:colcon.colcon_core.package_identification:_identify(scripts) by extensions ['colcon_meta']
[2.606s] Level 1:colcon.colcon_core.package_identification:_identify(scripts) by extension 'colcon_meta'
[2.607s] Level 1:colcon.colcon_core.package_identification:_identify(scripts) by extensions ['ros']
[2.607s] Level 1:colcon.colcon_core.package_identification:_identify(scripts) by extension 'ros'
[2.612s] Level 1:colcon.colcon_core.package_identification:_identify(scripts) by extensions ['cmake', 'python']
[2.612s] Level 1:colcon.colcon_core.package_identification:_identify(scripts) by extension 'cmake'
[2.613s] Level 1:colcon.colcon_core.package_identification:_identify(scripts) by extension 'python'
[2.614s] Level 1:colcon.colcon_core.package_identification:_identify(scripts) by extensions ['python_setup_py']
[2.615s] Level 1:colcon.colcon_core.package_identification:_identify(scripts) by extension 'python_setup_py'
[2.624s] Level 1:colcon.colcon_core.package_identification:_identify(src) by extensions ['ignore', 'ignore_ament_install']
[2.626s] Level 1:colcon.colcon_core.package_identification:_identify(src) by extension 'ignore'
[2.629s] Level 1:colcon.colcon_core.package_identification:_identify(src) by extension 'ignore_ament_install'
[2.635s] Level 1:colcon.colcon_core.package_identification:_identify(src) by extensions ['colcon_pkg']
[2.636s] Level 1:colcon.colcon_core.package_identification:_identify(src) by extension 'colcon_pkg'
[2.637s] Level 1:colcon.colcon_core.package_identification:_identify(src) by extensions ['colcon_meta']
[2.638s] Level 1:colcon.colcon_core.package_identification:_identify(src) by extension 'colcon_meta'
[2.641s] Level 1:colcon.colcon_core.package_identification:_identify(src) by extensions ['ros']
[2.642s] Level 1:colcon.colcon_core.package_identification:_identify(src) by extension 'ros'
[2.655s] Level 1:colcon.colcon_core.package_identification:_identify(src) by extensions ['cmake', 'python']
[2.656s] Level 1:colcon.colcon_core.package_identification:_identify(src) by extension 'cmake'
[2.661s] Level 1:colcon.colcon_core.package_identification:_identify(src) by extension 'python'
[2.665s] Level 1:colcon.colcon_core.package_identification:_identify(src) by extensions ['python_setup_py']
[2.666s] Level 1:colcon.colcon_core.package_identification:_identify(src) by extension 'python_setup_py'
[2.681s] Level 1:colcon.colcon_core.package_identification:_identify(src/Universal_Robots_ROS2_Description) by extensions ['ignore', 'ignore_ament_install']
[2.682s] Level 1:colcon.colcon_core.package_identification:_identify(src/Universal_Robots_ROS2_Description) by extension 'ignore'
[2.686s] Level 1:colcon.colcon_core.package_identification:_identify(src/Universal_Robots_ROS2_Description) by extension 'ignore_ament_install'
[2.694s] Level 1:colcon.colcon_core.package_identification:_identify(src/Universal_Robots_ROS2_Description) by extensions ['colcon_pkg']
[2.695s] Level 1:colcon.colcon_core.package_identification:_identify(src/Universal_Robots_ROS2_Description) by extension 'colcon_pkg'
[2.698s] Level 1:colcon.colcon_core.package_identification:_identify(src/Universal_Robots_ROS2_Description) by extensions ['colcon_meta']
[2.700s] Level 1:colcon.colcon_core.package_identification:_identify(src/Universal_Robots_ROS2_Description) by extension 'colcon_meta'
[2.703s] Level 1:colcon.colcon_core.package_identification:_identify(src/Universal_Robots_ROS2_Description) by extensions ['ros']
[2.705s] Level 1:colcon.colcon_core.package_identification:_identify(src/Universal_Robots_ROS2_Description) by extension 'ros'
[2.754s] DEBUG:colcon.colcon_core.package_identification:Package 'src/Universal_Robots_ROS2_Description' with type 'ros.ament_cmake' and name 'ur_description'
[2.782s] Level 1:colcon.colcon_core.package_identification:_identify(src/factory50_marl) by extensions ['ignore', 'ignore_ament_install']
[2.782s] Level 1:colcon.colcon_core.package_identification:_identify(src/factory50_marl) by extension 'ignore'
[2.786s] Level 1:colcon.colcon_core.package_identification:_identify(src/factory50_marl) by extension 'ignore_ament_install'
[2.790s] Level 1:colcon.colcon_core.package_identification:_identify(src/factory50_marl) by extensions ['colcon_pkg']
[2.791s] Level 1:colcon.colcon_core.package_identification:_identify(src/factory50_marl) by extension 'colcon_pkg'
[2.794s] Level 1:colcon.colcon_core.package_identification:_identify(src/factory50_marl) by extensions ['colcon_meta']
[2.795s] Level 1:colcon.colcon_core.package_identification:_identify(src/factory50_marl) by extension 'colcon_meta'
[2.798s] Level 1:colcon.colcon_core.package_identification:_identify(src/factory50_marl) by extensions ['ros']
[2.799s] Level 1:colcon.colcon_core.package_identification:_identify(src/factory50_marl) by extension 'ros'
[2.813s] Level 1:colcon.colcon_core.package_identification:_identify(src/factory50_marl) by extensions ['cmake', 'python']
[2.814s] Level 1:colcon.colcon_core.package_identification:_identify(src/factory50_marl) by extension 'cmake'
[2.818s] Level 1:colcon.colcon_core.package_identification:_identify(src/factory50_marl) by extension 'python'
[2.822s] Level 1:colcon.colcon_core.package_identification:_identify(src/factory50_marl) by extensions ['python_setup_py']
[2.823s] Level 1:colcon.colcon_core.package_identification:_identify(src/factory50_marl) by extension 'python_setup_py'
[2.842s] Level 1:colcon.colcon_core.package_identification:_identify(src/factory50_marl/factory50_marl) by extensions ['ignore', 'ignore_ament_install']
[2.844s] Level 1:colcon.colcon_core.package_identification:_identify(src/factory50_marl/factory50_marl) by extension 'ignore'
[2.848s] Level 1:colcon.colcon_core.package_identification:_identify(src/factory50_marl/factory50_marl) by extension 'ignore_ament_install'
[2.854s] Level 1:colcon.colcon_core.package_identification:_identify(src/factory50_marl/factory50_marl) by extensions ['colcon_pkg']
[2.855s] Level 1:colcon.colcon_core.package_identification:_identify(src/factory50_marl/factory50_marl) by extension 'colcon_pkg'
[2.859s] Level 1:colcon.colcon_core.package_identification:_identify(src/factory50_marl/factory50_marl) by extensions ['colcon_meta']
[2.859s] Level 1:colcon.colcon_core.package_identification:_identify(src/factory50_marl/factory50_marl) by extension 'colcon_meta'
[2.869s] Level 1:colcon.colcon_core.package_identification:_identify(src/factory50_marl/factory50_marl) by extensions ['ros']
[2.870s] Level 1:colcon.colcon_core.package_identification:_identify(src/factory50_marl/factory50_marl) by extension 'ros'
[2.891s] Level 1:colcon.colcon_core.package_identification:_identify(src/factory50_marl/factory50_marl) by extensions ['cmake', 'python']
[2.892s] Level 1:colcon.colcon_core.package_identification:_identify(src/factory50_marl/factory50_marl) by extension 'cmake'
[2.897s] Level 1:colcon.colcon_core.package_identification:_identify(src/factory50_marl/factory50_marl) by extension 'python'
[2.901s] Level 1:colcon.colcon_core.package_identification:_identify(src/factory50_marl/factory50_marl) by extensions ['python_setup_py']
[2.902s] Level 1:colcon.colcon_core.package_identification:_identify(src/factory50_marl/factory50_marl) by extension 'python_setup_py'
[2.930s] Level 1:colcon.colcon_core.package_identification:_identify(src/factory50_marl/factory50_marl/agents) by extensions ['ignore', 'ignore_ament_install']
[2.931s] Level 1:colcon.colcon_core.package_identification:_identify(src/factory50_marl/factory50_marl/agents) by extension 'ignore'
[2.942s] Level 1:colcon.colcon_core.package_identification:_identify(src/factory50_marl/factory50_marl/agents) by extension 'ignore_ament_install'
[2.970s] Level 1:colcon.colcon_core.package_identification:_identify(src/factory50_marl/factory50_marl/agents) by extensions ['colcon_pkg']
[2.970s] Level 1:colcon.colcon_core.package_identification:_identify(src/factory50_marl/factory50_marl/agents) by extension 'colcon_pkg'
[2.976s] Level 1:colcon.colcon_core.package_identification:_identify(src/factory50_marl/factory50_marl/agents) by extensions ['colcon_meta']
[2.977s] Level 1:colcon.colcon_core.package_identification:_identify(src/factory50_marl/factory50_marl/agents) by extension 'colcon_meta'
[2.996s] Level 1:colcon.colcon_core.package_identification:_identify(src/factory50_marl/factory50_marl/agents) by extensions ['ros']
[2.996s] Level 1:colcon.colcon_core.package_identification:_identify(src/factory50_marl/factory50_marl/agents) by extension 'ros'
[3.021s] Level 1:colcon.colcon_core.package_identification:_identify(src/factory50_marl/factory50_marl/agents) by extensions ['cmake', 'python']
[3.022s] Level 1:colcon.colcon_core.package_identification:_identify(src/factory50_marl/factory50_marl/agents) by extension 'cmake'
[3.030s] Level 1:colcon.colcon_core.package_identification:_identify(src/factory50_marl/factory50_marl/agents) by extension 'python'
[3.040s] Level 1:colcon.colcon_core.package_identification:_identify(src/factory50_marl/factory50_marl/agents) by extensions ['python_setup_py']
[3.041s] Level 1:colcon.colcon_core.package_identification:_identify(src/factory50_marl/factory50_marl/agents) by extension 'python_setup_py'
[3.065s] Level 1:colcon.colcon_core.package_identification:_identify(src/factory50_marl/factory50_marl/envs) by extensions ['ignore', 'ignore_ament_install']
[3.067s] Level 1:colcon.colcon_core.package_identification:_identify(src/factory50_marl/factory50_marl/envs) by extension 'ignore'
[3.073s] Level 1:colcon.colcon_core.package_identification:_identify(src/factory50_marl/factory50_marl/envs) by extension 'ignore_ament_install'
[3.081s] Level 1:colcon.colcon_core.package_identification:_identify(src/factory50_marl/factory50_marl/envs) by extensions ['colcon_pkg']
[3.082s] Level 1:colcon.colcon_core.package_identification:_identify(src/factory50_marl/factory50_marl/envs) by extension 'colcon_pkg'
[3.087s] Level 1:colcon.colcon_core.package_identification:_identify(src/factory50_marl/factory50_marl/envs) by extensions ['colcon_meta']
[3.088s] Level 1:colcon.colcon_core.package_identification:_identify(src/factory50_marl/factory50_marl/envs) by extension 'colcon_meta'
[3.100s] Level 1:colcon.colcon_core.package_identification:_identify(src/factory50_marl/factory50_marl/envs) by extensions ['ros']
[3.101s] Level 1:colcon.colcon_core.package_identification:_identify(src/factory50_marl/factory50_marl/envs) by extension 'ros'
[3.126s] Level 1:colcon.colcon_core.package_identification:_identify(src/factory50_marl/factory50_marl/envs) by extensions ['cmake', 'python']
[3.126s] Level 1:colcon.colcon_core.package_identification:_identify(src/factory50_marl/factory50_marl/envs) by extension 'cmake'
[3.130s] Level 1:colcon.colcon_core.package_identification:_identify(src/factory50_marl/factory50_marl/envs) by extension 'python'
[3.135s] Level 1:colcon.colcon_core.package_identification:_identify(src/factory50_marl/factory50_marl/envs) by extensions ['python_setup_py']
[3.135s] Level 1:colcon.colcon_core.package_identification:_identify(src/factory50_marl/factory50_marl/envs) by extension 'python_setup_py'
[3.149s] Level 1:colcon.colcon_core.package_identification:_identify(src/factory50_perception) by extensions ['ignore', 'ignore_ament_install']
[3.150s] Level 1:colcon.colcon_core.package_identification:_identify(src/factory50_perception) by extension 'ignore'
[3.153s] Level 1:colcon.colcon_core.package_identification:_identify(src/factory50_perception) by extension 'ignore_ament_install'
[3.160s] Level 1:colcon.colcon_core.package_identification:_identify(src/factory50_perception) by extensions ['colcon_pkg']
[3.161s] Level 1:colcon.colcon_core.package_identification:_identify(src/factory50_perception) by extension 'colcon_pkg'
[3.166s] Level 1:colcon.colcon_core.package_identification:_identify(src/factory50_perception) by extensions ['colcon_meta']
[3.166s] Level 1:colcon.colcon_core.package_identification:_identify(src/factory50_perception) by extension 'colcon_meta'
[3.171s] Level 1:colcon.colcon_core.package_identification:_identify(src/factory50_perception) by extensions ['ros']
[3.171s] Level 1:colcon.colcon_core.package_identification:_identify(src/factory50_perception) by extension 'ros'
[3.183s] Level 1:colcon.colcon_core.package_identification:_identify(src/factory50_perception) by extensions ['cmake', 'python']
[3.184s] Level 1:colcon.colcon_core.package_identification:_identify(src/factory50_perception) by extension 'cmake'
[3.187s] Level 1:colcon.colcon_core.package_identification:_identify(src/factory50_perception) by extension 'python'
[3.191s] Level 1:colcon.colcon_core.package_identification:_identify(src/factory50_perception) by extensions ['python_setup_py']
[3.191s] Level 1:colcon.colcon_core.package_identification:_identify(src/factory50_perception) by extension 'python_setup_py'
[3.204s] Level 1:colcon.colcon_core.package_identification:_identify(src/factory50_perception/factory50_perception) by extensions ['ignore', 'ignore_ament_install']
[3.204s] Level 1:colcon.colcon_core.package_identification:_identify(src/factory50_perception/factory50_perception) by extension 'ignore'
[3.208s] Level 1:colcon.colcon_core.package_identification:_identify(src/factory50_perception/factory50_perception) by extension 'ignore_ament_install'
[3.214s] Level 1:colcon.colcon_core.package_identification:_identify(src/factory50_perception/factory50_perception) by extensions ['colcon_pkg']
[3.215s] Level 1:colcon.colcon_core.package_identification:_identify(src/factory50_perception/factory50_perception) by extension 'colcon_pkg'
[3.220s] Level 1:colcon.colcon_core.package_identification:_identify(src/factory50_perception/factory50_perception) by extensions ['colcon_meta']
[3.221s] Level 1:colcon.colcon_core.package_identification:_identify(src/factory50_perception/factory50_perception) by extension 'colcon_meta'
[3.227s] Level 1:colcon.colcon_core.package_identification:_identify(src/factory50_perception/factory50_perception) by extensions ['ros']
[3.228s] Level 1:colcon.colcon_core.package_identification:_identify(src/factory50_perception/factory50_perception) by extension 'ros'
[3.242s] Level 1:colcon.colcon_core.package_identification:_identify(src/factory50_perception/factory50_perception) by extensions ['cmake', 'python']
[3.242s] Level 1:colcon.colcon_core.package_identification:_identify(src/factory50_perception/factory50_perception) by extension 'cmake'
[3.245s] Level 1:colcon.colcon_core.package_identification:_identify(src/factory50_perception/factory50_perception) by extension 'python'
[3.249s] Level 1:colcon.colcon_core.package_identification:_identify(src/factory50_perception/factory50_perception) by extensions ['python_setup_py']
[3.249s] Level 1:colcon.colcon_core.package_identification:_identify(src/factory50_perception/factory50_perception) by extension 'python_setup_py'
[3.261s] Level 1:colcon.colcon_core.package_identification:_identify(src/factory50_twin) by extensions ['ignore', 'ignore_ament_install']
[3.262s] Level 1:colcon.colcon_core.package_identification:_identify(src/factory50_twin) by extension 'ignore'
[3.265s] Level 1:colcon.colcon_core.package_identification:_identify(src/factory50_twin) by extension 'ignore_ament_install'
[3.272s] Level 1:colcon.colcon_core.package_identification:_identify(src/factory50_twin) by extensions ['colcon_pkg']
[3.273s] Level 1:colcon.colcon_core.package_identification:_identify(src/factory50_twin) by extension 'colcon_pkg'
[3.276s] Level 1:colcon.colcon_core.package_identification:_identify(src/factory50_twin) by extensions ['colcon_meta']
[3.277s] Level 1:colcon.colcon_core.package_identification:_identify(src/factory50_twin) by extension 'colcon_meta'
[3.281s] Level 1:colcon.colcon_core.package_identification:_identify(src/factory50_twin) by extensions ['ros']
[3.281s] Level 1:colcon.colcon_core.package_identification:_identify(src/factory50_twin) by extension 'ros'
[3.291s] Level 1:colcon.colcon_core.package_identification:_identify(src/factory50_twin) by extensions ['cmake', 'python']
[3.291s] Level 1:colcon.colcon_core.package_identification:_identify(src/factory50_twin) by extension 'cmake'
[3.294s] Level 1:colcon.colcon_core.package_identification:_identify(src/factory50_twin) by extension 'python'
[3.298s] Level 1:colcon.colcon_core.package_identification:_identify(src/factory50_twin) by extensions ['python_setup_py']
[3.298s] Level 1:colcon.colcon_core.package_identification:_identify(src/factory50_twin) by extension 'python_setup_py'
[3.312s] Level 1:colcon.colcon_core.package_identification:_identify(src/factory50_twin/factory50_twin) by extensions ['ignore', 'ignore_ament_install']
[3.313s] Level 1:colcon.colcon_core.package_identification:_identify(src/factory50_twin/factory50_twin) by extension 'ignore'
[3.316s] Level 1:colcon.colcon_core.package_identification:_identify(src/factory50_twin/factory50_twin) by extension 'ignore_ament_install'
[3.323s] Level 1:colcon.colcon_core.package_identification:_identify(src/factory50_twin/factory50_twin) by extensions ['colcon_pkg']
[3.323s] Level 1:colcon.colcon_core.package_identification:_identify(src/factory50_twin/factory50_twin) by extension 'colcon_pkg'
[3.326s] Level 1:colcon.colcon_core.package_identification:_identify(src/factory50_twin/factory50_twin) by extensions ['colcon_meta']
[3.327s] Level 1:colcon.colcon_core.package_identification:_identify(src/factory50_twin/factory50_twin) by extension 'colcon_meta'
[3.333s] Level 1:colcon.colcon_core.package_identification:_identify(src/factory50_twin/factory50_twin) by extensions ['ros']
[3.334s] Level 1:colcon.colcon_core.package_identification:_identify(src/factory50_twin/factory50_twin) by extension 'ros'
[3.347s] Level 1:colcon.colcon_core.package_identification:_identify(src/factory50_twin/factory50_twin) by extensions ['cmake', 'python']
[3.348s] Level 1:colcon.colcon_core.package_identification:_identify(src/factory50_twin/factory50_twin) by extension 'cmake'
[3.351s] Level 1:colcon.colcon_core.package_identification:_identify(src/factory50_twin/factory50_twin) by extension 'python'
[3.354s] Level 1:colcon.colcon_core.package_identification:_identify(src/factory50_twin/factory50_twin) by extensions ['python_setup_py']
[3.355s] Level 1:colcon.colcon_core.package_identification:_identify(src/factory50_twin/factory50_twin) by extension 'python_setup_py'
[3.364s] Level 1:colcon.colcon_core.package_identification:_identify(src/franka_description) by extensions ['ignore', 'ignore_ament_install']
[3.364s] Level 1:colcon.colcon_core.package_identification:_identify(src/franka_description) by extension 'ignore'
[3.367s] Level 1:colcon.colcon_core.package_identification:_identify(src/franka_description) by extension 'ignore_ament_install'
[3.371s] Level 1:colcon.colcon_core.package_identification:_identify(src/franka_description) by extensions ['colcon_pkg']
[3.371s] Level 1:colcon.colcon_core.package_identification:_identify(src/franka_description) by extension 'colcon_pkg'
[3.374s] Level 1:colcon.colcon_core.package_identification:_identify(src/franka_description) by extensions ['colcon_meta']
[3.375s] Level 1:colcon.colcon_core.package_identification:_identify(src/franka_description) by extension 'colcon_meta'
[3.378s] Level 1:colcon.colcon_core.package_identification:_identify(src/franka_description) by extensions ['ros']
[3.379s] Level 1:colcon.colcon_core.package_identification:_identify(src/franka_description) by extension 'ros'
[3.402s] DEBUG:colcon.colcon_core.package_identification:Package 'src/franka_description' with type 'ros.ament_cmake' and name 'franka_description'
[3.402s] Level 1:colcon.colcon_core.package_discovery:discover_packages(recursive) using defaults
[3.403s] Level 1:colcon.colcon_core.package_discovery:discover_packages(ignore) discover
[3.403s] Level 1:colcon.colcon_core.package_discovery:discover_packages(ignore) using defaults
[3.404s] Level 1:colcon.colcon_core.package_discovery:discover_packages(path) discover
[3.404s] Level 1:colcon.colcon_core.package_discovery:discover_packages(path) using defaults
[3.556s] Level 5:colcon.colcon_core.verb:set package 'franka_description' build argument 'cmake_args' from command line to '['-DCMAKE_BUILD_TYPE=Release']'
[3.557s] Level 5:colcon.colcon_core.verb:set package 'franka_description' build argument 'cmake_target' from command line to 'None'
[3.559s] Level 5:colcon.colcon_core.verb:set package 'franka_description' build argument 'cmake_target_skip_unavailable' from command line to 'False'
[3.560s] Level 5:colcon.colcon_core.verb:set package 'franka_description' build argument 'cmake_clean_cache' from command line to 'False'
[3.562s] Level 5:colcon.colcon_core.verb:set package 'franka_description' build argument 'cmake_clean_first' from command line to 'False'
[3.563s] Level 5:colcon.colcon_core.verb:set package 'franka_description' build argument 'cmake_force_configure' from command line to 'False'
[3.565s] Level 5:colcon.colcon_core.verb:set package 'franka_description' build argument 'ament_cmake_args' from command line to 'None'
[3.566s] Level 5:colcon.colcon_core.verb:set package 'franka_description' build argument 'catkin_cmake_args' from command line to 'None'
[3.567s] Level 5:colcon.colcon_core.verb:set package 'franka_description' build argument 'catkin_skip_building_tests' from command line to 'False'
[3.568s] DEBUG:colcon.colcon_core.verb:Building package 'franka_description' with the following arguments: {'ament_cmake_args': None, 'build_base': '/workspaces/factory50_ws/build/franka_description', 'catkin_cmake_args': None, 'catkin_skip_building_tests': False, 'cmake_args': ['-DCMAKE_BUILD_TYPE=Release'], 'cmake_clean_cache': False, 'cmake_clean_first': False, 'cmake_force_configure': False, 'cmake_target': None, 'cmake_target_skip_unavailable': False, 'install_base': '/workspaces/factory50_ws/install/franka_description', 'merge_install': False, 'path': '/workspaces/factory50_ws/src/franka_description', 'symlink_install': True, 'test_result_base': None}
[3.569s] Level 5:colcon.colcon_core.verb:set package 'ur_description' build argument 'cmake_args' from command line to '['-DCMAKE_BUILD_TYPE=Release']'
[3.570s] Level 5:colcon.colcon_core.verb:set package 'ur_description' build argument 'cmake_target' from command line to 'None'
[3.571s] Level 5:colcon.colcon_core.verb:set package 'ur_description' build argument 'cmake_target_skip_unavailable' from command line to 'False'
[3.572s] Level 5:colcon.colcon_core.verb:set package 'ur_description' build argument 'cmake_clean_cache' from command line to 'False'
[3.573s] Level 5:colcon.colcon_core.verb:set package 'ur_description' build argument 'cmake_clean_first' from command line to 'False'
[3.574s] Level 5:colcon.colcon_core.verb:set package 'ur_description' build argument 'cmake_force_configure' from command line to 'False'
[3.575s] Level 5:colcon.colcon_core.verb:set package 'ur_description' build argument 'ament_cmake_args' from command line to 'None'
[3.576s] Level 5:colcon.colcon_core.verb:set package 'ur_description' build argument 'catkin_cmake_args' from command line to 'None'
[3.578s] Level 5:colcon.colcon_core.verb:set package 'ur_description' build argument 'catkin_skip_building_tests' from command line to 'False'
[3.579s] DEBUG:colcon.colcon_core.verb:Building package 'ur_description' with the following arguments: {'ament_cmake_args': None, 'build_base': '/workspaces/factory50_ws/build/ur_description', 'catkin_cmake_args': None, 'catkin_skip_building_tests': False, 'cmake_args': ['-DCMAKE_BUILD_TYPE=Release'], 'cmake_clean_cache': False, 'cmake_clean_first': False, 'cmake_force_configure': False, 'cmake_target': None, 'cmake_target_skip_unavailable': False, 'install_base': '/workspaces/factory50_ws/install/ur_description', 'merge_install': False, 'path': '/workspaces/factory50_ws/src/Universal_Robots_ROS2_Description', 'symlink_install': True, 'test_result_base': None}
[3.580s] INFO:colcon.colcon_core.executor:Executing jobs using 'parallel' executor
[3.585s] DEBUG:colcon.colcon_parallel_executor.executor.parallel:run_until_complete
[3.589s] INFO:colcon.colcon_ros.task.ament_cmake.build:Building ROS package in '/workspaces/factory50_ws/src/franka_description' with build type 'ament_cmake'
[3.591s] INFO:colcon.colcon_cmake.task.cmake.build:Building CMake package in '/workspaces/factory50_ws/src/franka_description'
[3.625s] INFO:colcon.colcon_core.plugin_system:Skipping extension 'colcon_core.shell.bat': Not used on non-Windows systems
[3.626s] INFO:colcon.colcon_core.shell:Skip shell extension 'powershell' for command environment: Not usable outside of PowerShell
[3.627s] DEBUG:colcon.colcon_core.shell:Skip shell extension 'dsv' for command environment
[3.707s] INFO:colcon.colcon_ros.task.ament_cmake.build:Building ROS package in '/workspaces/factory50_ws/src/Universal_Robots_ROS2_Description' with build type 'ament_cmake'
[3.710s] INFO:colcon.colcon_cmake.task.cmake.build:Building CMake package in '/workspaces/factory50_ws/src/Universal_Robots_ROS2_Description'
[3.712s] INFO:colcon.colcon_core.shell:Skip shell extension 'powershell' for command environment: Not usable outside of PowerShell
[3.714s] DEBUG:colcon.colcon_core.shell:Skip shell extension 'dsv' for command environment
[3.925s] DEBUG:colcon.colcon_core.event_handler.log_command:Invoking command in '/workspaces/factory50_ws/build/franka_description': CMAKE_PREFIX_PATH=${CMAKE_PREFIX_PATH}:/opt/ros/jazzy /usr/bin/cmake /workspaces/factory50_ws/src/franka_description -DCMAKE_BUILD_TYPE=Release -DAMENT_CMAKE_SYMLINK_INSTALL=1 -DCMAKE_INSTALL_PREFIX=/workspaces/factory50_ws/install/franka_description
[4.014s] DEBUG:colcon.colcon_core.event_handler.log_command:Invoking command in '/workspaces/factory50_ws/build/ur_description': CMAKE_PREFIX_PATH=${CMAKE_PREFIX_PATH}:/opt/ros/jazzy /usr/bin/cmake /workspaces/factory50_ws/src/Universal_Robots_ROS2_Description -DCMAKE_BUILD_TYPE=Release -DAMENT_CMAKE_SYMLINK_INSTALL=1 -DCMAKE_INSTALL_PREFIX=/workspaces/factory50_ws/install/ur_description
[28.535s] DEBUG:colcon.colcon_core.event_handler.log_command:Invoked command in '/workspaces/factory50_ws/build/ur_description' returned '0': CMAKE_PREFIX_PATH=${CMAKE_PREFIX_PATH}:/opt/ros/jazzy /usr/bin/cmake /workspaces/factory50_ws/src/Universal_Robots_ROS2_Description -DCMAKE_BUILD_TYPE=Release -DAMENT_CMAKE_SYMLINK_INSTALL=1 -DCMAKE_INSTALL_PREFIX=/workspaces/factory50_ws/install/ur_description
[28.550s] DEBUG:colcon.colcon_core.event_handler.log_command:Invoking command in '/workspaces/factory50_ws/build/ur_description': CMAKE_PREFIX_PATH=${CMAKE_PREFIX_PATH}:/opt/ros/jazzy /usr/bin/cmake --build /workspaces/factory50_ws/build/ur_description -- -j4 -l4
[28.945s] DEBUG:colcon.colcon_core.event_handler.log_command:Invoked command in '/workspaces/factory50_ws/build/ur_description' returned '0': CMAKE_PREFIX_PATH=${CMAKE_PREFIX_PATH}:/opt/ros/jazzy /usr/bin/cmake --build /workspaces/factory50_ws/build/ur_description -- -j4 -l4
[28.995s] DEBUG:colcon.colcon_core.event_handler.log_command:Invoking command in '/workspaces/factory50_ws/build/ur_description': CMAKE_PREFIX_PATH=${CMAKE_PREFIX_PATH}:/opt/ros/jazzy /usr/bin/cmake --install /workspaces/factory50_ws/build/ur_description
[53.576s] Level 1:colcon.colcon_core.environment:create_environment_scripts_only(ur_description)
[53.583s] DEBUG:colcon.colcon_core.event_handler.log_command:Invoked command in '/workspaces/factory50_ws/build/ur_description' returned '0': CMAKE_PREFIX_PATH=${CMAKE_PREFIX_PATH}:/opt/ros/jazzy /usr/bin/cmake --install /workspaces/factory50_ws/build/ur_description
[53.610s] Level 1:colcon.colcon_core.environment:checking '/workspaces/factory50_ws/install/ur_description' for CMake module files
[53.757s] Level 1:colcon.colcon_core.environment:checking '/workspaces/factory50_ws/install/ur_description' for CMake config files
[53.891s] Level 1:colcon.colcon_core.shell:create_environment_hook('ur_description', 'cmake_prefix_path')
[53.892s] INFO:colcon.colcon_core.shell:Creating environment hook '/workspaces/factory50_ws/install/ur_description/share/ur_description/hook/cmake_prefix_path.ps1'
[53.911s] INFO:colcon.colcon_core.shell:Creating environment descriptor '/workspaces/factory50_ws/install/ur_description/share/ur_description/hook/cmake_prefix_path.dsv'
[53.932s] INFO:colcon.colcon_core.shell:Creating environment hook '/workspaces/factory50_ws/install/ur_description/share/ur_description/hook/cmake_prefix_path.sh'
[53.960s] Level 1:colcon.colcon_core.environment:checking '/workspaces/factory50_ws/install/ur_description/bin'
[53.962s] Level 1:colcon.colcon_core.environment:checking '/workspaces/factory50_ws/install/ur_description/lib/pkgconfig/ur_description.pc'
[53.973s] Level 1:colcon.colcon_core.environment:checking '/workspaces/factory50_ws/install/ur_description/lib/python3.12/site-packages'
[53.976s] Level 1:colcon.colcon_core.environment:checking '/workspaces/factory50_ws/install/ur_description/bin'
[53.979s] INFO:colcon.colcon_core.shell:Creating package script '/workspaces/factory50_ws/install/ur_description/share/ur_description/package.ps1'
[53.997s] INFO:colcon.colcon_core.shell:Creating package descriptor '/workspaces/factory50_ws/install/ur_description/share/ur_description/package.dsv'
[54.025s] INFO:colcon.colcon_core.shell:Creating package script '/workspaces/factory50_ws/install/ur_description/share/ur_description/package.sh'
[54.050s] INFO:colcon.colcon_core.shell:Creating package script '/workspaces/factory50_ws/install/ur_description/share/ur_description/package.bash'
[54.070s] INFO:colcon.colcon_core.shell:Creating package script '/workspaces/factory50_ws/install/ur_description/share/ur_description/package.zsh'
[54.094s] Level 1:colcon.colcon_core.environment:create_file_with_runtime_dependencies(/workspaces/factory50_ws/install/ur_description/share/colcon-core/packages/ur_description)
[54.140s] Level 1:colcon.colcon_core.environment:create_environment_scripts_only(ur_description)
[54.140s] Level 1:colcon.colcon_core.environment:checking '/workspaces/factory50_ws/install/ur_description' for CMake module files
[54.302s] Level 1:colcon.colcon_core.environment:checking '/workspaces/factory50_ws/install/ur_description' for CMake config files
[54.482s] Level 1:colcon.colcon_core.shell:create_environment_hook('ur_description', 'cmake_prefix_path')
[54.483s] INFO:colcon.colcon_core.shell:Creating environment hook '/workspaces/factory50_ws/install/ur_description/share/ur_description/hook/cmake_prefix_path.ps1'
[54.508s] INFO:colcon.colcon_core.shell:Creating environment descriptor '/workspaces/factory50_ws/install/ur_description/share/ur_description/hook/cmake_prefix_path.dsv'
[54.534s] INFO:colcon.colcon_core.shell:Creating environment hook '/workspaces/factory50_ws/install/ur_description/share/ur_description/hook/cmake_prefix_path.sh'
[54.573s] Level 1:colcon.colcon_core.environment:checking '/workspaces/factory50_ws/install/ur_description/bin'
[54.575s] Level 1:colcon.colcon_core.environment:checking '/workspaces/factory50_ws/install/ur_description/lib/pkgconfig/ur_description.pc'
[54.578s] Level 1:colcon.colcon_core.environment:checking '/workspaces/factory50_ws/install/ur_description/lib/python3.12/site-packages'
[54.580s] Level 1:colcon.colcon_core.environment:checking '/workspaces/factory50_ws/install/ur_description/bin'
[54.583s] INFO:colcon.colcon_core.shell:Creating package script '/workspaces/factory50_ws/install/ur_description/share/ur_description/package.ps1'
[54.600s] INFO:colcon.colcon_core.shell:Creating package descriptor '/workspaces/factory50_ws/install/ur_description/share/ur_description/package.dsv'
[54.621s] INFO:colcon.colcon_core.shell:Creating package script '/workspaces/factory50_ws/install/ur_description/share/ur_description/package.sh'
[54.643s] INFO:colcon.colcon_core.shell:Creating package script '/workspaces/factory50_ws/install/ur_description/share/ur_description/package.bash'
[54.665s] INFO:colcon.colcon_core.shell:Creating package script '/workspaces/factory50_ws/install/ur_description/share/ur_description/package.zsh'
[54.687s] Level 1:colcon.colcon_core.environment:create_file_with_runtime_dependencies(/workspaces/factory50_ws/install/ur_description/share/colcon-core/packages/ur_description)
[108.809s] DEBUG:colcon.colcon_core.event_handler.log_command:Invoked command in '/workspaces/factory50_ws/build/franka_description' returned '0': CMAKE_PREFIX_PATH=${CMAKE_PREFIX_PATH}:/opt/ros/jazzy /usr/bin/cmake /workspaces/factory50_ws/src/franka_description -DCMAKE_BUILD_TYPE=Release -DAMENT_CMAKE_SYMLINK_INSTALL=1 -DCMAKE_INSTALL_PREFIX=/workspaces/factory50_ws/install/franka_description
[108.823s] DEBUG:colcon.colcon_core.event_handler.log_command:Invoking command in '/workspaces/factory50_ws/build/franka_description': CMAKE_PREFIX_PATH=${CMAKE_PREFIX_PATH}:/opt/ros/jazzy /usr/bin/cmake --build /workspaces/factory50_ws/build/franka_description -- -j4 -l4
[109.036s] DEBUG:colcon.colcon_core.event_handler.log_command:Invoked command in '/workspaces/factory50_ws/build/franka_description' returned '0': CMAKE_PREFIX_PATH=${CMAKE_PREFIX_PATH}:/opt/ros/jazzy /usr/bin/cmake --build /workspaces/factory50_ws/build/franka_description -- -j4 -l4
[109.070s] DEBUG:colcon.colcon_core.event_handler.log_command:Invoking command in '/workspaces/factory50_ws/build/franka_description': CMAKE_PREFIX_PATH=${CMAKE_PREFIX_PATH}:/opt/ros/jazzy /usr/bin/cmake --install /workspaces/factory50_ws/build/franka_description
[126.354s] Level 1:colcon.colcon_core.environment:create_environment_scripts_only(franka_description)
[126.355s] Level 1:colcon.colcon_core.environment:checking '/workspaces/factory50_ws/install/franka_description' for CMake module files
[126.356s] DEBUG:colcon.colcon_core.event_handler.log_command:Invoked command in '/workspaces/factory50_ws/build/franka_description' returned '0': CMAKE_PREFIX_PATH=${CMAKE_PREFIX_PATH}:/opt/ros/jazzy /usr/bin/cmake --install /workspaces/factory50_ws/build/franka_description
[126.469s] Level 1:colcon.colcon_core.environment:checking '/workspaces/factory50_ws/install/franka_description' for CMake config files
[126.599s] Level 1:colcon.colcon_core.shell:create_environment_hook('franka_description', 'cmake_prefix_path')
[126.600s] INFO:colcon.colcon_core.shell:Creating environment hook '/workspaces/factory50_ws/install/franka_description/share/franka_description/hook/cmake_prefix_path.ps1'
[126.617s] INFO:colcon.colcon_core.shell:Creating environment descriptor '/workspaces/factory50_ws/install/franka_description/share/franka_description/hook/cmake_prefix_path.dsv'
[126.635s] INFO:colcon.colcon_core.shell:Creating environment hook '/workspaces/factory50_ws/install/franka_description/share/franka_description/hook/cmake_prefix_path.sh'
[126.663s] Level 1:colcon.colcon_core.environment:checking '/workspaces/factory50_ws/install/franka_description/bin'
[126.665s] Level 1:colcon.colcon_core.environment:checking '/workspaces/factory50_ws/install/franka_description/lib/pkgconfig/franka_description.pc'
[126.667s] Level 1:colcon.colcon_core.environment:checking '/workspaces/factory50_ws/install/franka_description/lib/python3.12/site-packages'
[126.669s] Level 1:colcon.colcon_core.environment:checking '/workspaces/factory50_ws/install/franka_description/bin'
[126.672s] INFO:colcon.colcon_core.shell:Creating package script '/workspaces/factory50_ws/install/franka_description/share/franka_description/package.ps1'
[126.688s] INFO:colcon.colcon_core.shell:Creating package descriptor '/workspaces/factory50_ws/install/franka_description/share/franka_description/package.dsv'
[126.714s] INFO:colcon.colcon_core.shell:Creating package script '/workspaces/factory50_ws/install/franka_description/share/franka_description/package.sh'
[126.733s] INFO:colcon.colcon_core.shell:Creating package script '/workspaces/factory50_ws/install/franka_description/share/franka_description/package.bash'
[126.753s] INFO:colcon.colcon_core.shell:Creating package script '/workspaces/factory50_ws/install/franka_description/share/franka_description/package.zsh'
[126.771s] Level 1:colcon.colcon_core.environment:create_file_with_runtime_dependencies(/workspaces/factory50_ws/install/franka_description/share/colcon-core/packages/franka_description)
[126.814s] Level 1:colcon.colcon_core.environment:create_environment_scripts_only(franka_description)
[126.815s] Level 1:colcon.colcon_core.environment:checking '/workspaces/factory50_ws/install/franka_description' for CMake module files
[126.972s] Level 1:colcon.colcon_core.environment:checking '/workspaces/factory50_ws/install/franka_description' for CMake config files
[127.138s] Level 1:colcon.colcon_core.shell:create_environment_hook('franka_description', 'cmake_prefix_path')
[127.139s] INFO:colcon.colcon_core.shell:Creating environment hook '/workspaces/factory50_ws/install/franka_description/share/franka_description/hook/cmake_prefix_path.ps1'
[127.170s] INFO:colcon.colcon_core.shell:Creating environment descriptor '/workspaces/factory50_ws/install/franka_description/share/franka_description/hook/cmake_prefix_path.dsv'
[127.192s] INFO:colcon.colcon_core.shell:Creating environment hook '/workspaces/factory50_ws/install/franka_description/share/franka_description/hook/cmake_prefix_path.sh'
[127.218s] Level 1:colcon.colcon_core.environment:checking '/workspaces/factory50_ws/install/franka_description/bin'
[127.220s] Level 1:colcon.colcon_core.environment:checking '/workspaces/factory50_ws/install/franka_description/lib/pkgconfig/franka_description.pc'
[127.222s] Level 1:colcon.colcon_core.environment:checking '/workspaces/factory50_ws/install/franka_description/lib/python3.12/site-packages'
[127.224s] Level 1:colcon.colcon_core.environment:checking '/workspaces/factory50_ws/install/franka_description/bin'
[127.227s] INFO:colcon.colcon_core.shell:Creating package script '/workspaces/factory50_ws/install/franka_description/share/franka_description/package.ps1'
[127.246s] INFO:colcon.colcon_core.shell:Creating package descriptor '/workspaces/factory50_ws/install/franka_description/share/franka_description/package.dsv'
[127.266s] INFO:colcon.colcon_core.shell:Creating package script '/workspaces/factory50_ws/install/franka_description/share/franka_description/package.sh'
[127.287s] INFO:colcon.colcon_core.shell:Creating package script '/workspaces/factory50_ws/install/franka_description/share/franka_description/package.bash'
[127.311s] INFO:colcon.colcon_core.shell:Creating package script '/workspaces/factory50_ws/install/franka_description/share/franka_description/package.zsh'
[127.330s] Level 1:colcon.colcon_core.environment:create_file_with_runtime_dependencies(/workspaces/factory50_ws/install/franka_description/share/colcon-core/packages/franka_description)
[127.349s] DEBUG:colcon.colcon_parallel_executor.executor.parallel:closing loop
[127.353s] DEBUG:colcon.colcon_parallel_executor.executor.parallel:loop closed
[127.353s] DEBUG:colcon.colcon_parallel_executor.executor.parallel:run_until_complete finished with '0'
[127.355s] DEBUG:colcon.colcon_core.event_reactor:joining thread
[127.474s] INFO:colcon.colcon_core.plugin_system:Skipping extension 'colcon_notification.desktop_notification.notify_send': Could not find 'notify-send'
[127.474s] INFO:colcon.colcon_core.plugin_system:Skipping extension 'colcon_notification.desktop_notification.terminal_notifier': Not used on non-Darwin systems
[127.475s] INFO:colcon.colcon_core.plugin_system:Skipping extension 'colcon_notification.desktop_notification.win32': Not used on non-Windows systems
[127.475s] INFO:colcon.colcon_notification.desktop_notification:Sending desktop notification using 'notify2'
[127.483s] DEBUG:colcon.colcon_notification.desktop_notification.notify2:Failed to initialize notify2: org.freedesktop.DBus.Error.Spawn.ExecFailed: /usr/bin/dbus-launch terminated abnormally without any error message
[127.483s] DEBUG:colcon.colcon_core.event_reactor:joined thread
[127.485s] INFO:colcon.colcon_core.shell:Creating prefix script '/workspaces/factory50_ws/install/local_setup.ps1'
[127.494s] INFO:colcon.colcon_core.shell:Creating prefix util module '/workspaces/factory50_ws/install/_local_setup_util_ps1.py'
[127.503s] INFO:colcon.colcon_core.shell:Creating prefix chain script '/workspaces/factory50_ws/install/setup.ps1'
[127.513s] INFO:colcon.colcon_core.shell:Creating prefix script '/workspaces/factory50_ws/install/local_setup.sh'
[127.522s] INFO:colcon.colcon_core.shell:Creating prefix util module '/workspaces/factory50_ws/install/_local_setup_util_sh.py'
[127.532s] INFO:colcon.colcon_core.shell:Creating prefix chain script '/workspaces/factory50_ws/install/setup.sh'
[127.542s] INFO:colcon.colcon_core.shell:Creating prefix script '/workspaces/factory50_ws/install/local_setup.bash'
[127.553s] INFO:colcon.colcon_core.shell:Creating prefix chain script '/workspaces/factory50_ws/install/setup.bash'
[127.566s] INFO:colcon.colcon_core.shell:Creating prefix script '/workspaces/factory50_ws/install/local_setup.zsh'
[127.577s] INFO:colcon.colcon_core.shell:Creating prefix chain script '/workspaces/factory50_ws/install/setup.zsh'
